14.07.2014 00:04:34 ERROR (StrictErrorReporter.java:80) - runtimeError: message=[An invalid or illegal selector was specified (selector: ':checked' error: Invalid selector: *:checked).] sourceName=[http://localhost/solar/wp-includes/js/jquery/jquery.js?ver=1.11.0] line=[2] lineSource=[null] lineOffset=[0]
14.07.2014 00:04:34 ERROR (StrictErrorReporter.java:80) - runtimeError: message=[An invalid or illegal selector was specified (selector: ':enabled' error: Invalid selector: *:enabled).] sourceName=[http://localhost/solar/wp-includes/js/jquery/jquery.js?ver=1.11.0] line=[2] lineSource=[null] lineOffset=[0]
14.07.2014 00:04:34 ERROR (StrictErrorReporter.java:80) - runtimeError: message=[The data necessary to complete this operation is not yet available.] sourceName=[http://localhost/solar/wp-includes/js/jquery/jquery.js?ver=1.11.0] line=[2] lineSource=[null] lineOffset=[0]
14.07.2014 00:04:34  WARN (DefaultCssErrorHandler.java:39) - CSS error: 'http://localhost/solar/wp-content/themes/ifeature/cyberchimps/lib/bootstrap/css/bootstrap.min.css?ver=2.0.4' [16:2] Error in style rule. (Invalid token "*". Was expecting one of: <EOF>, <S>, <IDENT>, "}", ";".)
14.07.2014 00:04:34  WARN (DefaultCssErrorHandler.java:53) - CSS warning: 'http://localhost/solar/wp-content/themes/ifeature/cyberchimps/lib/bootstrap/css/bootstrap.min.css?ver=2.0.4' [16:2] Ignoring the following declarations in this rule.
14.07.2014 00:04:34  WARN (DefaultCssErrorHandler.java:39) - CSS error: 'http://localhost/solar/wp-content/themes/ifeature/cyberchimps/lib/bootstrap/css/bootstrap.min.css?ver=2.0.4' [75:2] Error in style rule. (Invalid token "*". Was expecting one of: <EOF>, <S>, <IDENT>, "}", ";".)
14.07.2014 00:04:34  WARN (DefaultCssErrorHandler.java:53) - CSS warning: 'http://localhost/solar/wp-content/themes/ifeature/cyberchimps/lib/bootstrap/css/bootstrap.min.css?ver=2.0.4' [75:2] Ignoring the following declarations in this rule.
14.07.2014 00:04:34  WARN (DefaultCssErrorHandler.java:39) - CSS error: 'http://localhost/solar/wp-content/themes/ifeature/cyberchimps/lib/bootstrap/css/bootstrap.min.css?ver=2.0.4' [165:2] Error in style rule. (Invalid token "*". Was expecting one of: <EOF>, <S>, <IDENT>, "}", ";".)
14.07.2014 00:04:34  WARN (DefaultCssErrorHandler.java:53) - CSS warning: 'http://localhost/solar/wp-content/themes/ifeature/cyberchimps/lib/bootstrap/css/bootstrap.min.css?ver=2.0.4' [165:2] Ignoring the following declarations in this rule.
14.07.2014 00:04:34  WARN (DefaultCssErrorHandler.java:39) - CSS error: 'http://localhost/solar/wp-content/themes/ifeature/cyberchimps/lib/bootstrap/css/bootstrap.min.css?ver=2.0.4' [238:2] Error in style rule. (Invalid token "*". Was expecting one of: <EOF>, <S>, <IDENT>, "}", ";".)
14.07.2014 00:04:34  WARN (DefaultCssErrorHandler.java:53) - CSS warning: 'http://localhost/solar/wp-content/themes/ifeature/cyberchimps/lib/bootstrap/css/bootstrap.min.css?ver=2.0.4' [238:2] Ignoring the following declarations in this rule.
14.07.2014 00:04:34  WARN (DefaultCssErrorHandler.java:39) - CSS error: 'http://localhost/solar/wp-content/themes/ifeature/cyberchimps/lib/bootstrap/css/bootstrap.min.css?ver=2.0.4' [359:2] Error in style rule. (Invalid token "*". Was expecting one of: <EOF>, <S>, <IDENT>, "}", ";".)
14.07.2014 00:04:34  WARN (DefaultCssErrorHandler.java:53) - CSS warning: 'http://localhost/solar/wp-content/themes/ifeature/cyberchimps/lib/bootstrap/css/bootstrap.min.css?ver=2.0.4' [359:2] Ignoring the following declarations in this rule.
14.07.2014 00:04:34  WARN (DefaultCssErrorHandler.java:39) - CSS error: 'http://localhost/solar/wp-content/themes/ifeature/cyberchimps/lib/bootstrap/css/bootstrap.min.css?ver=2.0.4' [378:2] Error in style rule. (Invalid token "*". Was expecting one of: <EOF>, <S>, <IDENT>, "}", ";".)
14.07.2014 00:04:34  WARN (DefaultCssErrorHandler.java:53) - CSS warning: 'http://localhost/solar/wp-content/themes/ifeature/cyberchimps/lib/bootstrap/css/bootstrap.min.css?ver=2.0.4' [378:2] Ignoring the following declarations in this rule.
14.07.2014 00:04:34  WARN (DefaultCssErrorHandler.java:39) - CSS error: 'http://localhost/solar/wp-content/themes/ifeature/cyberchimps/lib/bootstrap/css/bootstrap.min.css?ver=2.0.4' [394:2] Error in style rule. (Invalid token "*". Was expecting one of: <EOF>, <S>, <IDENT>, "}", ";".)
14.07.2014 00:04:34  WARN (DefaultCssErrorHandler.java:53) - CSS warning: 'http://localhost/solar/wp-content/themes/ifeature/cyberchimps/lib/bootstrap/css/bootstrap.min.css?ver=2.0.4' [394:2] Ignoring the following declarations in this rule.
14.07.2014 00:04:34  WARN (DefaultCssErrorHandler.java:39) - CSS error: 'http://localhost/solar/wp-content/themes/ifeature/cyberchimps/lib/bootstrap/css/bootstrap.min.css?ver=2.0.4' [399:2] Error in style rule. (Invalid token "*". Was expecting one of: <EOF>, <S>, <IDENT>, "}", ";".)
14.07.2014 00:04:34  WARN (DefaultCssErrorHandler.java:53) - CSS warning: 'http://localhost/solar/wp-content/themes/ifeature/cyberchimps/lib/bootstrap/css/bootstrap.min.css?ver=2.0.4' [399:2] Ignoring the following declarations in this rule.
14.07.2014 00:04:34  WARN (DefaultCssErrorHandler.java:39) - CSS error: 'http://localhost/solar/wp-content/themes/ifeature/cyberchimps/lib/bootstrap/css/bootstrap.min.css?ver=2.0.4' [404:2] Error in style rule. (Invalid token "*". Was expecting one of: <EOF>, <S>, <IDENT>, "}", ";".)
14.07.2014 00:04:34  WARN (DefaultCssErrorHandler.java:53) - CSS warning: 'http://localhost/solar/wp-content/themes/ifeature/cyberchimps/lib/bootstrap/css/bootstrap.min.css?ver=2.0.4' [404:2] Ignoring the following declarations in this rule.
14.07.2014 00:04:34  WARN (DefaultCssErrorHandler.java:39) - CSS error: 'http://localhost/solar/wp-content/themes/ifeature/cyberchimps/lib/bootstrap/css/bootstrap.min.css?ver=2.0.4' [409:2] Error in style rule. (Invalid token "*". Was expecting one of: <EOF>, <S>, <IDENT>, "}", ";".)
14.07.2014 00:04:34  WARN (DefaultCssErrorHandler.java:53) - CSS warning: 'http://localhost/solar/wp-content/themes/ifeature/cyberchimps/lib/bootstrap/css/bootstrap.min.css?ver=2.0.4' [409:2] Ignoring the following declarations in this rule.
14.07.2014 00:04:34  WARN (DefaultCssErrorHandler.java:39) - CSS error: 'http://localhost/solar/wp-content/themes/ifeature/cyberchimps/lib/bootstrap/css/bootstrap.min.css?ver=2.0.4' [414:2] Error in style rule. (Invalid token "*". Was expecting one of: <EOF>, <S>, <IDENT>, "}", ";".)
14.07.2014 00:04:34  WARN (DefaultCssErrorHandler.java:53) - CSS warning: 'http://localhost/solar/wp-content/themes/ifeature/cyberchimps/lib/bootstrap/css/bootstrap.min.css?ver=2.0.4' [414:2] Ignoring the following declarations in this rule.
14.07.2014 00:04:34  WARN (DefaultCssErrorHandler.java:39) - CSS error: 'http://localhost/solar/wp-content/themes/ifeature/cyberchimps/lib/bootstrap/css/bootstrap.min.css?ver=2.0.4' [419:2] Error in style rule. (Invalid token "*". Was expecting one of: <EOF>, <S>, <IDENT>, "}", ";".)
14.07.2014 00:04:34  WARN (DefaultCssErrorHandler.java:53) - CSS warning: 'http://localhost/solar/wp-content/themes/ifeature/cyberchimps/lib/bootstrap/css/bootstrap.min.css?ver=2.0.4' [419:2] Ignoring the following declarations in this rule.
14.07.2014 00:04:34  WARN (DefaultCssErrorHandler.java:39) - CSS error: 'http://localhost/solar/wp-content/themes/ifeature/cyberchimps/lib/bootstrap/css/bootstrap.min.css?ver=2.0.4' [426:2] Error in style rule. (Invalid token "*". Was expecting one of: <EOF>, <S>, <IDENT>, "}", ";".)
14.07.2014 00:04:34  WARN (DefaultCssErrorHandler.java:53) - CSS warning: 'http://localhost/solar/wp-content/themes/ifeature/cyberchimps/lib/bootstrap/css/bootstrap.min.css?ver=2.0.4' [426:2] Ignoring the following declarations in this rule.
14.07.2014 00:04:34  WARN (DefaultCssErrorHandler.java:39) - CSS error: 'http://localhost/solar/wp-content/themes/ifeature/cyberchimps/lib/bootstrap/css/bootstrap.min.css?ver=2.0.4' [431:2] Error in style rule. (Invalid token "*". Was expecting one of: <EOF>, <S>, <IDENT>, "}", ";".)
14.07.2014 00:04:34  WARN (DefaultCssErrorHandler.java:53) - CSS warning: 'http://localhost/solar/wp-content/themes/ifeature/cyberchimps/lib/bootstrap/css/bootstrap.min.css?ver=2.0.4' [431:2] Ignoring the following declarations in this rule.
14.07.2014 00:04:34  WARN (DefaultCssErrorHandler.java:39) - CSS error: 'http://localhost/solar/wp-content/themes/ifeature/cyberchimps/lib/bootstrap/css/bootstrap.min.css?ver=2.0.4' [436:2] Error in style rule. (Invalid token "*". Was expecting one of: <EOF>, <S>, <IDENT>, "}", ";".)
14.07.2014 00:04:34  WARN (DefaultCssErrorHandler.java:53) - CSS warning: 'http://localhost/solar/wp-content/themes/ifeature/cyberchimps/lib/bootstrap/css/bootstrap.min.css?ver=2.0.4' [436:2] Ignoring the following declarations in this rule.
14.07.2014 00:04:34  WARN (DefaultCssErrorHandler.java:39) - CSS error: 'http://localhost/solar/wp-content/themes/ifeature/cyberchimps/lib/bootstrap/css/bootstrap.min.css?ver=2.0.4' [441:2] Error in style rule. (Invalid token "*". Was expecting one of: <EOF>, <S>, <IDENT>, "}", ";".)
14.07.2014 00:04:34  WARN (DefaultCssErrorHandler.java:53) - CSS warning: 'http://localhost/solar/wp-content/themes/ifeature/cyberchimps/lib/bootstrap/css/bootstrap.min.css?ver=2.0.4' [441:2] Ignoring the following declarations in this rule.
14.07.2014 00:04:34  WARN (DefaultCssErrorHandler.java:39) - CSS error: 'http://localhost/solar/wp-content/themes/ifeature/cyberchimps/lib/bootstrap/css/bootstrap.min.css?ver=2.0.4' [446:2] Error in style rule. (Invalid token "*". Was expecting one of: <EOF>, <S>, <IDENT>, "}", ";".)
14.07.2014 00:04:34  WARN (DefaultCssErrorHandler.java:53) - CSS warning: 'http://localhost/solar/wp-content/themes/ifeature/cyberchimps/lib/bootstrap/css/bootstrap.min.css?ver=2.0.4' [446:2] Ignoring the following declarations in this rule.
14.07.2014 00:04:34  WARN (DefaultCssErrorHandler.java:39) - CSS error: 'http://localhost/solar/wp-content/themes/ifeature/cyberchimps/lib/bootstrap/css/bootstrap.min.css?ver=2.0.4' [451:2] Error in style rule. (Invalid token "*". Was expecting one of: <EOF>, <S>, <IDENT>, "}", ";".)
14.07.2014 00:04:34  WARN (DefaultCssErrorHandler.java:53) - CSS warning: 'http://localhost/solar/wp-content/themes/ifeature/cyberchimps/lib/bootstrap/css/bootstrap.min.css?ver=2.0.4' [451:2] Ignoring the following declarations in this rule.
14.07.2014 00:04:34  WARN (DefaultCssErrorHandler.java:39) - CSS error: 'http://localhost/solar/wp-content/themes/ifeature/cyberchimps/lib/bootstrap/css/bootstrap.min.css?ver=2.0.4' [456:2] Error in style rule. (Invalid token "*". Was expecting one of: <EOF>, <S>, <IDENT>, "}", ";".)
14.07.2014 00:04:34  WARN (DefaultCssErrorHandler.java:53) - CSS warning: 'http://localhost/solar/wp-content/themes/ifeature/cyberchimps/lib/bootstrap/css/bootstrap.min.css?ver=2.0.4' [456:2] Ignoring the following declarations in this rule.
14.07.2014 00:04:34  WARN (DefaultCssErrorHandler.java:39) - CSS error: 'http://localhost/solar/wp-content/themes/ifeature/cyberchimps/lib/bootstrap/css/bootstrap.min.css?ver=2.0.4' [461:2] Error in style rule. (Invalid token "*". Was expecting one of: <EOF>, <S>, <IDENT>, "}", ";".)
14.07.2014 00:04:34  WARN (DefaultCssErrorHandler.java:53) - CSS warning: 'http://localhost/solar/wp-content/themes/ifeature/cyberchimps/lib/bootstrap/css/bootstrap.min.css?ver=2.0.4' [461:2] Ignoring the following declarations in this rule.
14.07.2014 00:04:34  WARN (DefaultCssErrorHandler.java:39) - CSS error: 'http://localhost/solar/wp-content/themes/ifeature/cyberchimps/lib/bootstrap/css/bootstrap.min.css?ver=2.0.4' [466:2] Error in style rule. (Invalid token "*". Was expecting one of: <EOF>, <S>, <IDENT>, "}", ";".)
14.07.2014 00:04:34  WARN (DefaultCssErrorHandler.java:53) - CSS warning: 'http://localhost/solar/wp-content/themes/ifeature/cyberchimps/lib/bootstrap/css/bootstrap.min.css?ver=2.0.4' [466:2] Ignoring the following declarations in this rule.
14.07.2014 00:04:34  WARN (DefaultCssErrorHandler.java:39) - CSS error: 'http://localhost/solar/wp-content/themes/ifeature/cyberchimps/lib/bootstrap/css/bootstrap.min.css?ver=2.0.4' [471:2] Error in style rule. (Invalid token "*". Was expecting one of: <EOF>, <S>, <IDENT>, "}", ";".)
14.07.2014 00:04:34  WARN (DefaultCssErrorHandler.java:53) - CSS warning: 'http://localhost/solar/wp-content/themes/ifeature/cyberchimps/lib/bootstrap/css/bootstrap.min.css?ver=2.0.4' [471:2] Ignoring the following declarations in this rule.
14.07.2014 00:04:34  WARN (DefaultCssErrorHandler.java:39) - CSS error: 'http://localhost/solar/wp-content/themes/ifeature/cyberchimps/lib/bootstrap/css/bootstrap.min.css?ver=2.0.4' [476:2] Error in style rule. (Invalid token "*". Was expecting one of: <EOF>, <S>, <IDENT>, "}", ";".)
14.07.2014 00:04:34  WARN (DefaultCssErrorHandler.java:53) - CSS warning: 'http://localhost/solar/wp-content/themes/ifeature/cyberchimps/lib/bootstrap/css/bootstrap.min.css?ver=2.0.4' [476:2] Ignoring the following declarations in this rule.
14.07.2014 00:04:34  WARN (DefaultCssErrorHandler.java:39) - CSS error: 'http://localhost/solar/wp-content/themes/ifeature/cyberchimps/lib/bootstrap/css/bootstrap.min.css?ver=2.0.4' [481:2] Error in style rule. (Invalid token "*". Was expecting one of: <EOF>, <S>, <IDENT>, "}", ";".)
14.07.2014 00:04:34  WARN (DefaultCssErrorHandler.java:53) - CSS warning: 'http://localhost/solar/wp-content/themes/ifeature/cyberchimps/lib/bootstrap/css/bootstrap.min.css?ver=2.0.4' [481:2] Ignoring the following declarations in this rule.
14.07.2014 00:04:34  WARN (DefaultCssErrorHandler.java:39) - CSS error: 'http://localhost/solar/wp-content/themes/ifeature/cyberchimps/lib/bootstrap/css/bootstrap.min.css?ver=2.0.4' [486:2] Error in style rule. (Invalid token "*". Was expecting one of: <EOF>, <S>, <IDENT>, "}", ";".)
14.07.2014 00:04:34  WARN (DefaultCssErrorHandler.java:53) - CSS warning: 'http://localhost/solar/wp-content/themes/ifeature/cyberchimps/lib/bootstrap/css/bootstrap.min.css?ver=2.0.4' [486:2] Ignoring the following declarations in this rule.
14.07.2014 00:04:34  WARN (DefaultCssErrorHandler.java:39) - CSS error: 'http://localhost/solar/wp-content/themes/ifeature/cyberchimps/lib/bootstrap/css/bootstrap.min.css?ver=2.0.4' [491:2] Error in style rule. (Invalid token "*". Was expecting one of: <EOF>, <S>, <IDENT>, "}", ";".)
14.07.2014 00:04:34  WARN (DefaultCssErrorHandler.java:53) - CSS warning: 'http://localhost/solar/wp-content/themes/ifeature/cyberchimps/lib/bootstrap/css/bootstrap.min.css?ver=2.0.4' [491:2] Ignoring the following declarations in this rule.
14.07.2014 00:04:34  WARN (DefaultCssErrorHandler.java:39) - CSS error: 'http://localhost/solar/wp-content/themes/ifeature/cyberchimps/lib/bootstrap/css/bootstrap.min.css?ver=2.0.4' [496:2] Error in style rule. (Invalid token "*". Was expecting one of: <EOF>, <S>, <IDENT>, "}", ";".)
14.07.2014 00:04:34  WARN (DefaultCssErrorHandler.java:53) - CSS warning: 'http://localhost/solar/wp-content/themes/ifeature/cyberchimps/lib/bootstrap/css/bootstrap.min.css?ver=2.0.4' [496:2] Ignoring the following declarations in this rule.
14.07.2014 00:04:34  WARN (DefaultCssErrorHandler.java:39) - CSS error: 'http://localhost/solar/wp-content/themes/ifeature/cyberchimps/lib/bootstrap/css/bootstrap.min.css?ver=2.0.4' [501:2] Error in style rule. (Invalid token "*". Was expecting one of: <EOF>, <S>, <IDENT>, "}", ";".)
14.07.2014 00:04:34  WARN (DefaultCssErrorHandler.java:53) - CSS warning: 'http://localhost/solar/wp-content/themes/ifeature/cyberchimps/lib/bootstrap/css/bootstrap.min.css?ver=2.0.4' [501:2] Ignoring the following declarations in this rule.
14.07.2014 00:04:34  WARN (DefaultCssErrorHandler.java:39) - CSS error: 'http://localhost/solar/wp-content/themes/ifeature/cyberchimps/lib/bootstrap/css/bootstrap.min.css?ver=2.0.4' [506:2] Error in style rule. (Invalid token "*". Was expecting one of: <EOF>, <S>, <IDENT>, "}", ";".)
14.07.2014 00:04:34  WARN (DefaultCssErrorHandler.java:53) - CSS warning: 'http://localhost/solar/wp-content/themes/ifeature/cyberchimps/lib/bootstrap/css/bootstrap.min.css?ver=2.0.4' [506:2] Ignoring the following declarations in this rule.
14.07.2014 00:04:34  WARN (DefaultCssErrorHandler.java:39) - CSS error: 'http://localhost/solar/wp-content/themes/ifeature/cyberchimps/lib/bootstrap/css/bootstrap.min.css?ver=2.0.4' [511:2] Error in style rule. (Invalid token "*". Was expecting one of: <EOF>, <S>, <IDENT>, "}", ";".)
14.07.2014 00:04:34  WARN (DefaultCssErrorHandler.java:53) - CSS warning: 'http://localhost/solar/wp-content/themes/ifeature/cyberchimps/lib/bootstrap/css/bootstrap.min.css?ver=2.0.4' [511:2] Ignoring the following declarations in this rule.
14.07.2014 00:04:34  WARN (DefaultCssErrorHandler.java:39) - CSS error: 'http://localhost/solar/wp-content/themes/ifeature/cyberchimps/lib/bootstrap/css/bootstrap.min.css?ver=2.0.4' [516:2] Error in style rule. (Invalid token "*". Was expecting one of: <EOF>, <S>, <IDENT>, "}", ";".)
14.07.2014 00:04:34  WARN (DefaultCssErrorHandler.java:53) - CSS warning: 'http://localhost/solar/wp-content/themes/ifeature/cyberchimps/lib/bootstrap/css/bootstrap.min.css?ver=2.0.4' [516:2] Ignoring the following declarations in this rule.
14.07.2014 00:04:34  WARN (DefaultCssErrorHandler.java:39) - CSS error: 'http://localhost/solar/wp-content/themes/ifeature/cyberchimps/lib/bootstrap/css/bootstrap.min.css?ver=2.0.4' [521:2] Error in style rule. (Invalid token "*". Was expecting one of: <EOF>, <S>, <IDENT>, "}", ";".)
14.07.2014 00:04:34  WARN (DefaultCssErrorHandler.java:53) - CSS warning: 'http://localhost/solar/wp-content/themes/ifeature/cyberchimps/lib/bootstrap/css/bootstrap.min.css?ver=2.0.4' [521:2] Ignoring the following declarations in this rule.
14.07.2014 00:04:34  WARN (DefaultCssErrorHandler.java:39) - CSS error: 'http://localhost/solar/wp-content/themes/ifeature/cyberchimps/lib/bootstrap/css/bootstrap.min.css?ver=2.0.4' [526:2] Error in style rule. (Invalid token "*". Was expecting one of: <EOF>, <S>, <IDENT>, "}", ";".)
14.07.2014 00:04:34  WARN (DefaultCssErrorHandler.java:53) - CSS warning: 'http://localhost/solar/wp-content/themes/ifeature/cyberchimps/lib/bootstrap/css/bootstrap.min.css?ver=2.0.4' [526:2] Ignoring the following declarations in this rule.
14.07.2014 00:04:34  WARN (DefaultCssErrorHandler.java:39) - CSS error: 'http://localhost/solar/wp-content/themes/ifeature/cyberchimps/lib/bootstrap/css/bootstrap.min.css?ver=2.0.4' [531:2] Error in style rule. (Invalid token "*". Was expecting one of: <EOF>, <S>, <IDENT>, "}", ";".)
14.07.2014 00:04:34  WARN (DefaultCssErrorHandler.java:53) - CSS warning: 'http://localhost/solar/wp-content/themes/ifeature/cyberchimps/lib/bootstrap/css/bootstrap.min.css?ver=2.0.4' [531:2] Ignoring the following declarations in this rule.
14.07.2014 00:04:34  WARN (DefaultCssErrorHandler.java:39) - CSS error: 'http://localhost/solar/wp-content/themes/ifeature/cyberchimps/lib/bootstrap/css/bootstrap.min.css?ver=2.0.4' [536:2] Error in style rule. (Invalid token "*". Was expecting one of: <EOF>, <S>, <IDENT>, "}", ";".)
14.07.2014 00:04:34  WARN (DefaultCssErrorHandler.java:53) - CSS warning: 'http://localhost/solar/wp-content/themes/ifeature/cyberchimps/lib/bootstrap/css/bootstrap.min.css?ver=2.0.4' [536:2] Ignoring the following declarations in this rule.
14.07.2014 00:04:34  WARN (DefaultCssErrorHandler.java:39) - CSS error: 'http://localhost/solar/wp-content/themes/ifeature/cyberchimps/lib/bootstrap/css/bootstrap.min.css?ver=2.0.4' [541:2] Error in style rule. (Invalid token "*". Was expecting one of: <EOF>, <S>, <IDENT>, "}", ";".)
14.07.2014 00:04:34  WARN (DefaultCssErrorHandler.java:53) - CSS warning: 'http://localhost/solar/wp-content/themes/ifeature/cyberchimps/lib/bootstrap/css/bootstrap.min.css?ver=2.0.4' [541:2] Ignoring the following declarations in this rule.
14.07.2014 00:04:34  WARN (DefaultCssErrorHandler.java:39) - CSS error: 'http://localhost/solar/wp-content/themes/ifeature/cyberchimps/lib/bootstrap/css/bootstrap.min.css?ver=2.0.4' [546:2] Error in style rule. (Invalid token "*". Was expecting one of: <EOF>, <S>, <IDENT>, "}", ";".)
14.07.2014 00:04:34  WARN (DefaultCssErrorHandler.java:53) - CSS warning: 'http://localhost/solar/wp-content/themes/ifeature/cyberchimps/lib/bootstrap/css/bootstrap.min.css?ver=2.0.4' [546:2] Ignoring the following declarations in this rule.
14.07.2014 00:04:34  WARN (DefaultCssErrorHandler.java:39) - CSS error: 'http://localhost/solar/wp-content/themes/ifeature/cyberchimps/lib/bootstrap/css/bootstrap.min.css?ver=2.0.4' [551:2] Error in style rule. (Invalid token "*". Was expecting one of: <EOF>, <S>, <IDENT>, "}", ";".)
14.07.2014 00:04:34  WARN (DefaultCssErrorHandler.java:53) - CSS warning: 'http://localhost/solar/wp-content/themes/ifeature/cyberchimps/lib/bootstrap/css/bootstrap.min.css?ver=2.0.4' [551:2] Ignoring the following declarations in this rule.
14.07.2014 00:04:34  WARN (DefaultCssErrorHandler.java:39) - CSS error: 'http://localhost/solar/wp-content/themes/ifeature/cyberchimps/lib/bootstrap/css/bootstrap.min.css?ver=2.0.4' [556:2] Error in style rule. (Invalid token "*". Was expecting one of: <EOF>, <S>, <IDENT>, "}", ";".)
14.07.2014 00:04:34  WARN (DefaultCssErrorHandler.java:53) - CSS warning: 'http://localhost/solar/wp-content/themes/ifeature/cyberchimps/lib/bootstrap/css/bootstrap.min.css?ver=2.0.4' [556:2] Ignoring the following declarations in this rule.
14.07.2014 00:04:34  WARN (DefaultCssErrorHandler.java:39) - CSS error: 'http://localhost/solar/wp-content/themes/ifeature/cyberchimps/lib/bootstrap/css/bootstrap.min.css?ver=2.0.4' [561:2] Error in style rule. (Invalid token "*". Was expecting one of: <EOF>, <S>, <IDENT>, "}", ";".)
14.07.2014 00:04:34  WARN (DefaultCssErrorHandler.java:53) - CSS warning: 'http://localhost/solar/wp-content/themes/ifeature/cyberchimps/lib/bootstrap/css/bootstrap.min.css?ver=2.0.4' [561:2] Ignoring the following declarations in this rule.
14.07.2014 00:04:34  WARN (DefaultCssErrorHandler.java:39) - CSS error: 'http://localhost/solar/wp-content/themes/ifeature/cyberchimps/lib/bootstrap/css/bootstrap.min.css?ver=2.0.4' [566:2] Error in style rule. (Invalid token "*". Was expecting one of: <EOF>, <S>, <IDENT>, "}", ";".)
14.07.2014 00:04:34  WARN (DefaultCssErrorHandler.java:53) - CSS warning: 'http://localhost/solar/wp-content/themes/ifeature/cyberchimps/lib/bootstrap/css/bootstrap.min.css?ver=2.0.4' [566:2] Ignoring the following declarations in this rule.
14.07.2014 00:04:34  WARN (DefaultCssErrorHandler.java:39) - CSS error: 'http://localhost/solar/wp-content/themes/ifeature/cyberchimps/lib/bootstrap/css/bootstrap.min.css?ver=2.0.4' [571:2] Error in style rule. (Invalid token "*". Was expecting one of: <EOF>, <S>, <IDENT>, "}", ";".)
14.07.2014 00:04:34  WARN (DefaultCssErrorHandler.java:53) - CSS warning: 'http://localhost/solar/wp-content/themes/ifeature/cyberchimps/lib/bootstrap/css/bootstrap.min.css?ver=2.0.4' [571:2] Ignoring the following declarations in this rule.
14.07.2014 00:04:34  WARN (DefaultCssErrorHandler.java:39) - CSS error: 'http://localhost/solar/wp-content/themes/ifeature/cyberchimps/lib/bootstrap/css/bootstrap.min.css?ver=2.0.4' [585:2] Error in style rule. (Invalid token "*". Was expecting one of: <EOF>, <S>, <IDENT>, "}", ";".)
14.07.2014 00:04:34  WARN (DefaultCssErrorHandler.java:53) - CSS warning: 'http://localhost/solar/wp-content/themes/ifeature/cyberchimps/lib/bootstrap/css/bootstrap.min.css?ver=2.0.4' [585:2] Ignoring the following declarations in this rule.
14.07.2014 00:04:34  WARN (DefaultCssErrorHandler.java:39) - CSS error: 'http://localhost/solar/wp-content/themes/ifeature/cyberchimps/lib/bootstrap/css/bootstrap.min.css?ver=2.0.4' [601:2] Error in style rule. (Invalid token "*". Was expecting one of: <EOF>, <S>, <IDENT>, "}", ";".)
14.07.2014 00:04:34  WARN (DefaultCssErrorHandler.java:53) - CSS warning: 'http://localhost/solar/wp-content/themes/ifeature/cyberchimps/lib/bootstrap/css/bootstrap.min.css?ver=2.0.4' [601:2] Ignoring the following declarations in this rule.
14.07.2014 00:04:34  WARN (DefaultCssErrorHandler.java:39) - CSS error: 'http://localhost/solar/wp-content/themes/ifeature/cyberchimps/lib/bootstrap/css/bootstrap.min.css?ver=2.0.4' [795:2] Error in style rule. (Invalid token "*". Was expecting one of: <EOF>, <S>, <IDENT>, "}", ";".)
14.07.2014 00:04:34  WARN (DefaultCssErrorHandler.java:53) - CSS warning: 'http://localhost/solar/wp-content/themes/ifeature/cyberchimps/lib/bootstrap/css/bootstrap.min.css?ver=2.0.4' [795:2] Ignoring the following declarations in this rule.
14.07.2014 00:04:34  WARN (DefaultCssErrorHandler.java:39) - CSS error: 'http://localhost/solar/wp-content/themes/ifeature/cyberchimps/lib/bootstrap/css/bootstrap.min.css?ver=2.0.4' [1035:2] Error in style rule. (Invalid token "*". Was expecting one of: <EOF>, <S>, <IDENT>, "}", ";".)
14.07.2014 00:04:34  WARN (DefaultCssErrorHandler.java:53) - CSS warning: 'http://localhost/solar/wp-content/themes/ifeature/cyberchimps/lib/bootstrap/css/bootstrap.min.css?ver=2.0.4' [1035:2] Ignoring the following declarations in this rule.
14.07.2014 00:04:34  WARN (DefaultCssErrorHandler.java:39) - CSS error: 'http://localhost/solar/wp-content/themes/ifeature/cyberchimps/lib/bootstrap/css/bootstrap.min.css?ver=2.0.4' [1045:2] Error in style rule. (Invalid token "*". Was expecting one of: <EOF>, <S>, <IDENT>, "}", ";".)
14.07.2014 00:04:34  WARN (DefaultCssErrorHandler.java:53) - CSS warning: 'http://localhost/solar/wp-content/themes/ifeature/cyberchimps/lib/bootstrap/css/bootstrap.min.css?ver=2.0.4' [1045:2] Ignoring the following declarations in this rule.
14.07.2014 00:04:34  WARN (DefaultCssErrorHandler.java:39) - CSS error: 'http://localhost/solar/wp-content/themes/ifeature/cyberchimps/lib/bootstrap/css/bootstrap.min.css?ver=2.0.4' [1212:2] Error in style rule. (Invalid token "*". Was expecting one of: <EOF>, <S>, <IDENT>, "}", ";".)
14.07.2014 00:04:34  WARN (DefaultCssErrorHandler.java:53) - CSS warning: 'http://localhost/solar/wp-content/themes/ifeature/cyberchimps/lib/bootstrap/css/bootstrap.min.css?ver=2.0.4' [1212:2] Ignoring the following declarations in this rule.
14.07.2014 00:04:34  WARN (DefaultCssErrorHandler.java:39) - CSS error: 'http://localhost/solar/wp-content/themes/ifeature/cyberchimps/lib/bootstrap/css/bootstrap.min.css?ver=2.0.4' [1372:2] Error in style rule. (Invalid token "*". Was expecting one of: <EOF>, <S>, <IDENT>, "}", ";".)
14.07.2014 00:04:34  WARN (DefaultCssErrorHandler.java:53) - CSS warning: 'http://localhost/solar/wp-content/themes/ifeature/cyberchimps/lib/bootstrap/css/bootstrap.min.css?ver=2.0.4' [1372:2] Ignoring the following declarations in this rule.
14.07.2014 00:04:34  WARN (DefaultCssErrorHandler.java:39) - CSS error: 'http://localhost/solar/wp-content/themes/ifeature/cyberchimps/lib/bootstrap/css/bootstrap.min.css?ver=2.0.4' [1396:2] Error in style rule. (Invalid token "*". Was expecting one of: <EOF>, <S>, <IDENT>, "}", ";".)
14.07.2014 00:04:34  WARN (DefaultCssErrorHandler.java:53) - CSS warning: 'http://localhost/solar/wp-content/themes/ifeature/cyberchimps/lib/bootstrap/css/bootstrap.min.css?ver=2.0.4' [1396:2] Ignoring the following declarations in this rule.
14.07.2014 00:04:34  WARN (DefaultCssErrorHandler.java:39) - CSS error: 'http://localhost/solar/wp-content/themes/ifeature/cyberchimps/lib/bootstrap/css/bootstrap.min.css?ver=2.0.4' [1415:2] Error in style rule. (Invalid token "*". Was expecting one of: <EOF>, <S>, <IDENT>, "}", ";".)
14.07.2014 00:04:34  WARN (DefaultCssErrorHandler.java:53) - CSS warning: 'http://localhost/solar/wp-content/themes/ifeature/cyberchimps/lib/bootstrap/css/bootstrap.min.css?ver=2.0.4' [1415:2] Ignoring the following declarations in this rule.
14.07.2014 00:04:34  WARN (DefaultCssErrorHandler.java:39) - CSS error: 'http://localhost/solar/wp-content/themes/ifeature/cyberchimps/lib/bootstrap/css/bootstrap.min.css?ver=2.0.4' [1558:2] Error in style rule. (Invalid token "*". Was expecting one of: <EOF>, <S>, <IDENT>, "}", ";".)
14.07.2014 00:04:34  WARN (DefaultCssErrorHandler.java:53) - CSS warning: 'http://localhost/solar/wp-content/themes/ifeature/cyberchimps/lib/bootstrap/css/bootstrap.min.css?ver=2.0.4' [1558:2] Ignoring the following declarations in this rule.
14.07.2014 00:04:35  WARN (DefaultCssErrorHandler.java:39) - CSS error: 'http://localhost/solar/wp-content/themes/ifeature/cyberchimps/lib/bootstrap/css/bootstrap.min.css?ver=2.0.4' [1599:2] Error in style rule. (Invalid token "*". Was expecting one of: <EOF>, <S>, <IDENT>, "}", ";".)
14.07.2014 00:04:35  WARN (DefaultCssErrorHandler.java:53) - CSS warning: 'http://localhost/solar/wp-content/themes/ifeature/cyberchimps/lib/bootstrap/css/bootstrap.min.css?ver=2.0.4' [1599:2] Ignoring the following declarations in this rule.
14.07.2014 00:04:35  WARN (DefaultCssErrorHandler.java:39) - CSS error: 'http://localhost/solar/wp-content/themes/ifeature/cyberchimps/lib/bootstrap/css/bootstrap.min.css?ver=2.0.4' [1620:2] Error in style rule. (Invalid token "*". Was expecting one of: <EOF>, <S>, <IDENT>, "}", ";".)
14.07.2014 00:04:35  WARN (DefaultCssErrorHandler.java:53) - CSS warning: 'http://localhost/solar/wp-content/themes/ifeature/cyberchimps/lib/bootstrap/css/bootstrap.min.css?ver=2.0.4' [1620:2] Ignoring the following declarations in this rule.
14.07.2014 00:04:35  WARN (DefaultCssErrorHandler.java:39) - CSS error: 'http://localhost/solar/wp-content/themes/ifeature/cyberchimps/lib/bootstrap/css/bootstrap.min.css?ver=2.0.4' [1627:2] Error in style rule. (Invalid token "*". Was expecting one of: <EOF>, <S>, <IDENT>, "}", ";".)
14.07.2014 00:04:35  WARN (DefaultCssErrorHandler.java:53) - CSS warning: 'http://localhost/solar/wp-content/themes/ifeature/cyberchimps/lib/bootstrap/css/bootstrap.min.css?ver=2.0.4' [1627:2] Ignoring the following declarations in this rule.
14.07.2014 00:04:35  WARN (DefaultCssErrorHandler.java:39) - CSS error: 'http://localhost/solar/wp-content/themes/ifeature/cyberchimps/lib/bootstrap/css/bootstrap.min.css?ver=2.0.4' [1689:2] Error in style rule. (Invalid token "*". Was expecting one of: <EOF>, <S>, <IDENT>, "}", ";".)
14.07.2014 00:04:35  WARN (DefaultCssErrorHandler.java:53) - CSS warning: 'http://localhost/solar/wp-content/themes/ifeature/cyberchimps/lib/bootstrap/css/bootstrap.min.css?ver=2.0.4' [1689:2] Ignoring the following declarations in this rule.
14.07.2014 00:04:35  WARN (DefaultCssErrorHandler.java:39) - CSS error: 'http://localhost/solar/wp-content/themes/ifeature/cyberchimps/lib/bootstrap/css/bootstrap.min.css?ver=2.0.4' [1875:2] Error in style rule. (Invalid token "*". Was expecting one of: <EOF>, <S>, <IDENT>, "}", ";".)
14.07.2014 00:04:35  WARN (DefaultCssErrorHandler.java:53) - CSS warning: 'http://localhost/solar/wp-content/themes/ifeature/cyberchimps/lib/bootstrap/css/bootstrap.min.css?ver=2.0.4' [1875:2] Ignoring the following declarations in this rule.
14.07.2014 00:04:35  WARN (DefaultCssErrorHandler.java:39) - CSS error: 'http://localhost/solar/wp-content/themes/ifeature/cyberchimps/lib/bootstrap/css/bootstrap.min.css?ver=2.0.4' [2454:2] Error in style rule. (Invalid token "*". Was expecting one of: <EOF>, <S>, <IDENT>, "}", ";".)
14.07.2014 00:04:35  WARN (DefaultCssErrorHandler.java:53) - CSS warning: 'http://localhost/solar/wp-content/themes/ifeature/cyberchimps/lib/bootstrap/css/bootstrap.min.css?ver=2.0.4' [2454:2] Ignoring the following declarations in this rule.
14.07.2014 00:04:35  WARN (DefaultCssErrorHandler.java:39) - CSS error: 'http://localhost/solar/wp-content/themes/ifeature/cyberchimps/lib/bootstrap/css/bootstrap.min.css?ver=2.0.4' [2491:2] Error in style rule. (Invalid token "*". Was expecting one of: <EOF>, <S>, <IDENT>, "}", ";".)
14.07.2014 00:04:35  WARN (DefaultCssErrorHandler.java:53) - CSS warning: 'http://localhost/solar/wp-content/themes/ifeature/cyberchimps/lib/bootstrap/css/bootstrap.min.css?ver=2.0.4' [2491:2] Ignoring the following declarations in this rule.
14.07.2014 00:04:35  WARN (DefaultCssErrorHandler.java:39) - CSS error: 'http://localhost/solar/wp-content/themes/ifeature/cyberchimps/lib/bootstrap/css/bootstrap.min.css?ver=2.0.4' [2510:2] Error in style rule. (Invalid token "*". Was expecting one of: <EOF>, <S>, <IDENT>, "}", ";".)
14.07.2014 00:04:35  WARN (DefaultCssErrorHandler.java:53) - CSS warning: 'http://localhost/solar/wp-content/themes/ifeature/cyberchimps/lib/bootstrap/css/bootstrap.min.css?ver=2.0.4' [2510:2] Ignoring the following declarations in this rule.
14.07.2014 00:04:35  WARN (DefaultCssErrorHandler.java:39) - CSS error: 'http://localhost/solar/wp-content/themes/ifeature/cyberchimps/lib/bootstrap/css/bootstrap.min.css?ver=2.0.4' [2539:16] Error in expression; ':' found after identifier "progid".
14.07.2014 00:04:35  WARN (DefaultCssErrorHandler.java:39) - CSS error: 'http://localhost/solar/wp-content/themes/ifeature/cyberchimps/lib/bootstrap/css/bootstrap.min.css?ver=2.0.4' [2553:16] Error in expression; ':' found after identifier "progid".
14.07.2014 00:04:35  WARN (DefaultCssErrorHandler.java:39) - CSS error: 'http://localhost/solar/wp-content/themes/ifeature/cyberchimps/lib/bootstrap/css/bootstrap.min.css?ver=2.0.4' [2565:16] Error in expression; ':' found after identifier "progid".
14.07.2014 00:04:35  WARN (DefaultCssErrorHandler.java:39) - CSS error: 'http://localhost/solar/wp-content/themes/ifeature/cyberchimps/lib/bootstrap/css/bootstrap.min.css?ver=2.0.4' [2569:2] Error in style rule. (Invalid token "*". Was expecting one of: <EOF>, <S>, <IDENT>, "}", ";".)
14.07.2014 00:04:35  WARN (DefaultCssErrorHandler.java:53) - CSS warning: 'http://localhost/solar/wp-content/themes/ifeature/cyberchimps/lib/bootstrap/css/bootstrap.min.css?ver=2.0.4' [2569:2] Ignoring the following declarations in this rule.
14.07.2014 00:04:35  WARN (DefaultCssErrorHandler.java:39) - CSS error: 'http://localhost/solar/wp-content/themes/ifeature/cyberchimps/lib/bootstrap/css/bootstrap.min.css?ver=2.0.4' [2752:2] Error in style rule. (Invalid token "*". Was expecting one of: <EOF>, <S>, <IDENT>, "}", ";".)
14.07.2014 00:04:35  WARN (DefaultCssErrorHandler.java:53) - CSS warning: 'http://localhost/solar/wp-content/themes/ifeature/cyberchimps/lib/bootstrap/css/bootstrap.min.css?ver=2.0.4' [2752:2] Ignoring the following declarations in this rule.
14.07.2014 00:04:35  WARN (DefaultCssErrorHandler.java:39) - CSS error: 'http://localhost/solar/wp-content/themes/ifeature/cyberchimps/lib/bootstrap/css/bootstrap.min.css?ver=2.0.4' [2790:2] Error in style rule. (Invalid token "*". Was expecting one of: <EOF>, <S>, <IDENT>, "}", ";".)
14.07.2014 00:04:35  WARN (DefaultCssErrorHandler.java:53) - CSS warning: 'http://localhost/solar/wp-content/themes/ifeature/cyberchimps/lib/bootstrap/css/bootstrap.min.css?ver=2.0.4' [2790:2] Ignoring the following declarations in this rule.
14.07.2014 00:04:35  WARN (DefaultCssErrorHandler.java:39) - CSS error: 'http://localhost/solar/wp-content/themes/ifeature/cyberchimps/lib/bootstrap/css/bootstrap.min.css?ver=2.0.4' [2798:2] Error in style rule. (Invalid token "*". Was expecting one of: <EOF>, <S>, <IDENT>, "}", ";".)
14.07.2014 00:04:35  WARN (DefaultCssErrorHandler.java:53) - CSS warning: 'http://localhost/solar/wp-content/themes/ifeature/cyberchimps/lib/bootstrap/css/bootstrap.min.css?ver=2.0.4' [2798:2] Ignoring the following declarations in this rule.
14.07.2014 00:04:35  WARN (DefaultCssErrorHandler.java:39) - CSS error: 'http://localhost/solar/wp-content/themes/ifeature/cyberchimps/lib/bootstrap/css/bootstrap.min.css?ver=2.0.4' [2902:2] Error in style rule. (Invalid token "*". Was expecting one of: <EOF>, <S>, <IDENT>, "}", ";".)
14.07.2014 00:04:35  WARN (DefaultCssErrorHandler.java:53) - CSS warning: 'http://localhost/solar/wp-content/themes/ifeature/cyberchimps/lib/bootstrap/css/bootstrap.min.css?ver=2.0.4' [2902:2] Ignoring the following declarations in this rule.
14.07.2014 00:04:35  WARN (DefaultCssErrorHandler.java:39) - CSS error: 'http://localhost/solar/wp-content/themes/ifeature/cyberchimps/lib/bootstrap/css/bootstrap.min.css?ver=2.0.4' [2918:2] Error in style rule. (Invalid token "*". Was expecting one of: <EOF>, <S>, <IDENT>, "}", ";".)
14.07.2014 00:04:35  WARN (DefaultCssErrorHandler.java:53) - CSS warning: 'http://localhost/solar/wp-content/themes/ifeature/cyberchimps/lib/bootstrap/css/bootstrap.min.css?ver=2.0.4' [2918:2] Ignoring the following declarations in this rule.
14.07.2014 00:04:35  WARN (DefaultCssErrorHandler.java:39) - CSS error: 'http://localhost/solar/wp-content/themes/ifeature/cyberchimps/lib/bootstrap/css/bootstrap.min.css?ver=2.0.4' [2929:2] Error in style rule. (Invalid token "*". Was expecting one of: <EOF>, <S>, <IDENT>, "}", ";".)
14.07.2014 00:04:35  WARN (DefaultCssErrorHandler.java:53) - CSS warning: 'http://localhost/solar/wp-content/themes/ifeature/cyberchimps/lib/bootstrap/css/bootstrap.min.css?ver=2.0.4' [2929:2] Ignoring the following declarations in this rule.
14.07.2014 00:04:35  WARN (DefaultCssErrorHandler.java:39) - CSS error: 'http://localhost/solar/wp-content/themes/ifeature/cyberchimps/lib/bootstrap/css/bootstrap.min.css?ver=2.0.4' [2945:2] Error in style rule. (Invalid token "*". Was expecting one of: <EOF>, <S>, <IDENT>, "}", ";".)
14.07.2014 00:04:35  WARN (DefaultCssErrorHandler.java:53) - CSS warning: 'http://localhost/solar/wp-content/themes/ifeature/cyberchimps/lib/bootstrap/css/bootstrap.min.css?ver=2.0.4' [2945:2] Ignoring the following declarations in this rule.
14.07.2014 00:04:35  WARN (DefaultCssErrorHandler.java:39) - CSS error: 'http://localhost/solar/wp-content/themes/ifeature/cyberchimps/lib/bootstrap/css/bootstrap.min.css?ver=2.0.4' [2956:2] Error in style rule. (Invalid token "*". Was expecting one of: <EOF>, <S>, <IDENT>, "}", ";".)
14.07.2014 00:04:35  WARN (DefaultCssErrorHandler.java:53) - CSS warning: 'http://localhost/solar/wp-content/themes/ifeature/cyberchimps/lib/bootstrap/css/bootstrap.min.css?ver=2.0.4' [2956:2] Ignoring the following declarations in this rule.
14.07.2014 00:04:35  WARN (DefaultCssErrorHandler.java:39) - CSS error: 'http://localhost/solar/wp-content/themes/ifeature/cyberchimps/lib/bootstrap/css/bootstrap.min.css?ver=2.0.4' [2972:2] Error in style rule. (Invalid token "*". Was expecting one of: <EOF>, <S>, <IDENT>, "}", ";".)
14.07.2014 00:04:35  WARN (DefaultCssErrorHandler.java:53) - CSS warning: 'http://localhost/solar/wp-content/themes/ifeature/cyberchimps/lib/bootstrap/css/bootstrap.min.css?ver=2.0.4' [2972:2] Ignoring the following declarations in this rule.
14.07.2014 00:04:35  WARN (DefaultCssErrorHandler.java:39) - CSS error: 'http://localhost/solar/wp-content/themes/ifeature/cyberchimps/lib/bootstrap/css/bootstrap.min.css?ver=2.0.4' [2983:2] Error in style rule. (Invalid token "*". Was expecting one of: <EOF>, <S>, <IDENT>, "}", ";".)
14.07.2014 00:04:35  WARN (DefaultCssErrorHandler.java:53) - CSS warning: 'http://localhost/solar/wp-content/themes/ifeature/cyberchimps/lib/bootstrap/css/bootstrap.min.css?ver=2.0.4' [2983:2] Ignoring the following declarations in this rule.
14.07.2014 00:04:35  WARN (DefaultCssErrorHandler.java:39) - CSS error: 'http://localhost/solar/wp-content/themes/ifeature/cyberchimps/lib/bootstrap/css/bootstrap.min.css?ver=2.0.4' [2999:2] Error in style rule. (Invalid token "*". Was expecting one of: <EOF>, <S>, <IDENT>, "}", ";".)
14.07.2014 00:04:35  WARN (DefaultCssErrorHandler.java:53) - CSS warning: 'http://localhost/solar/wp-content/themes/ifeature/cyberchimps/lib/bootstrap/css/bootstrap.min.css?ver=2.0.4' [2999:2] Ignoring the following declarations in this rule.
14.07.2014 00:04:35  WARN (DefaultCssErrorHandler.java:39) - CSS error: 'http://localhost/solar/wp-content/themes/ifeature/cyberchimps/lib/bootstrap/css/bootstrap.min.css?ver=2.0.4' [3010:2] Error in style rule. (Invalid token "*". Was expecting one of: <EOF>, <S>, <IDENT>, "}", ";".)
14.07.2014 00:04:35  WARN (DefaultCssErrorHandler.java:53) - CSS warning: 'http://localhost/solar/wp-content/themes/ifeature/cyberchimps/lib/bootstrap/css/bootstrap.min.css?ver=2.0.4' [3010:2] Ignoring the following declarations in this rule.
14.07.2014 00:04:35  WARN (DefaultCssErrorHandler.java:39) - CSS error: 'http://localhost/solar/wp-content/themes/ifeature/cyberchimps/lib/bootstrap/css/bootstrap.min.css?ver=2.0.4' [3026:2] Error in style rule. (Invalid token "*". Was expecting one of: <EOF>, <S>, <IDENT>, "}", ";".)
14.07.2014 00:04:35  WARN (DefaultCssErrorHandler.java:53) - CSS warning: 'http://localhost/solar/wp-content/themes/ifeature/cyberchimps/lib/bootstrap/css/bootstrap.min.css?ver=2.0.4' [3026:2] Ignoring the following declarations in this rule.
14.07.2014 00:04:35  WARN (DefaultCssErrorHandler.java:39) - CSS error: 'http://localhost/solar/wp-content/themes/ifeature/cyberchimps/lib/bootstrap/css/bootstrap.min.css?ver=2.0.4' [3037:2] Error in style rule. (Invalid token "*". Was expecting one of: <EOF>, <S>, <IDENT>, "}", ";".)
14.07.2014 00:04:35  WARN (DefaultCssErrorHandler.java:53) - CSS warning: 'http://localhost/solar/wp-content/themes/ifeature/cyberchimps/lib/bootstrap/css/bootstrap.min.css?ver=2.0.4' [3037:2] Ignoring the following declarations in this rule.
14.07.2014 00:04:35  WARN (DefaultCssErrorHandler.java:39) - CSS error: 'http://localhost/solar/wp-content/themes/ifeature/cyberchimps/lib/bootstrap/css/bootstrap.min.css?ver=2.0.4' [3053:2] Error in style rule. (Invalid token "*". Was expecting one of: <EOF>, <S>, <IDENT>, "}", ";".)
14.07.2014 00:04:35  WARN (DefaultCssErrorHandler.java:53) - CSS warning: 'http://localhost/solar/wp-content/themes/ifeature/cyberchimps/lib/bootstrap/css/bootstrap.min.css?ver=2.0.4' [3053:2] Ignoring the following declarations in this rule.
14.07.2014 00:04:35  WARN (DefaultCssErrorHandler.java:39) - CSS error: 'http://localhost/solar/wp-content/themes/ifeature/cyberchimps/lib/bootstrap/css/bootstrap.min.css?ver=2.0.4' [3061:2] Error in style rule. (Invalid token "*". Was expecting one of: <EOF>, <S>, <IDENT>, "}", ";".)
14.07.2014 00:04:35  WARN (DefaultCssErrorHandler.java:53) - CSS warning: 'http://localhost/solar/wp-content/themes/ifeature/cyberchimps/lib/bootstrap/css/bootstrap.min.css?ver=2.0.4' [3061:2] Ignoring the following declarations in this rule.
14.07.2014 00:04:35  WARN (DefaultCssErrorHandler.java:39) - CSS error: 'http://localhost/solar/wp-content/themes/ifeature/cyberchimps/lib/bootstrap/css/bootstrap.min.css?ver=2.0.4' [3071:2] Error in style rule. (Invalid token "*". Was expecting one of: <EOF>, <S>, <IDENT>, "}", ";".)
14.07.2014 00:04:35  WARN (DefaultCssErrorHandler.java:53) - CSS warning: 'http://localhost/solar/wp-content/themes/ifeature/cyberchimps/lib/bootstrap/css/bootstrap.min.css?ver=2.0.4' [3071:2] Ignoring the following declarations in this rule.
14.07.2014 00:04:35  WARN (DefaultCssErrorHandler.java:39) - CSS error: 'http://localhost/solar/wp-content/themes/ifeature/cyberchimps/lib/bootstrap/css/bootstrap.min.css?ver=2.0.4' [3076:2] Error in style rule. (Invalid token "*". Was expecting one of: <EOF>, <S>, <IDENT>, "}", ";".)
14.07.2014 00:04:35  WARN (DefaultCssErrorHandler.java:53) - CSS warning: 'http://localhost/solar/wp-content/themes/ifeature/cyberchimps/lib/bootstrap/css/bootstrap.min.css?ver=2.0.4' [3076:2] Ignoring the following declarations in this rule.
14.07.2014 00:04:35  WARN (DefaultCssErrorHandler.java:39) - CSS error: 'http://localhost/solar/wp-content/themes/ifeature/cyberchimps/lib/bootstrap/css/bootstrap.min.css?ver=2.0.4' [3081:2] Error in style rule. (Invalid token "*". Was expecting one of: <EOF>, <S>, <IDENT>, "}", ";".)
14.07.2014 00:04:35  WARN (DefaultCssErrorHandler.java:53) - CSS warning: 'http://localhost/solar/wp-content/themes/ifeature/cyberchimps/lib/bootstrap/css/bootstrap.min.css?ver=2.0.4' [3081:2] Ignoring the following declarations in this rule.
14.07.2014 00:04:35  WARN (DefaultCssErrorHandler.java:39) - CSS error: 'http://localhost/solar/wp-content/themes/ifeature/cyberchimps/lib/bootstrap/css/bootstrap.min.css?ver=2.0.4' [3116:2] Error in style rule. (Invalid token "*". Was expecting one of: <EOF>, <S>, <IDENT>, "}", ";".)
14.07.2014 00:04:35  WARN (DefaultCssErrorHandler.java:53) - CSS warning: 'http://localhost/solar/wp-content/themes/ifeature/cyberchimps/lib/bootstrap/css/bootstrap.min.css?ver=2.0.4' [3116:2] Ignoring the following declarations in this rule.
14.07.2014 00:04:35  WARN (DefaultCssErrorHandler.java:39) - CSS error: 'http://localhost/solar/wp-content/themes/ifeature/cyberchimps/lib/bootstrap/css/bootstrap.min.css?ver=2.0.4' [3125:2] Error in style rule. (Invalid token "*". Was expecting one of: <EOF>, <S>, <IDENT>, "}", ";".)
14.07.2014 00:04:35  WARN (DefaultCssErrorHandler.java:53) - CSS warning: 'http://localhost/solar/wp-content/themes/ifeature/cyberchimps/lib/bootstrap/css/bootstrap.min.css?ver=2.0.4' [3125:2] Ignoring the following declarations in this rule.
14.07.2014 00:04:35  WARN (DefaultCssErrorHandler.java:39) - CSS error: 'http://localhost/solar/wp-content/themes/ifeature/cyberchimps/lib/bootstrap/css/bootstrap.min.css?ver=2.0.4' [3216:2] Error in style rule. (Invalid token "*". Was expecting one of: <EOF>, <S>, <IDENT>, "}", ";".)
14.07.2014 00:04:35  WARN (DefaultCssErrorHandler.java:53) - CSS warning: 'http://localhost/solar/wp-content/themes/ifeature/cyberchimps/lib/bootstrap/css/bootstrap.min.css?ver=2.0.4' [3216:2] Ignoring the following declarations in this rule.
14.07.2014 00:04:35  WARN (DefaultCssErrorHandler.java:39) - CSS error: 'http://localhost/solar/wp-content/themes/ifeature/cyberchimps/lib/bootstrap/css/bootstrap.min.css?ver=2.0.4' [3226:2] Error in style rule. (Invalid token "*". Was expecting one of: <EOF>, <S>, <IDENT>, "}", ";".)
14.07.2014 00:04:35  WARN (DefaultCssErrorHandler.java:53) - CSS warning: 'http://localhost/solar/wp-content/themes/ifeature/cyberchimps/lib/bootstrap/css/bootstrap.min.css?ver=2.0.4' [3226:2] Ignoring the following declarations in this rule.
14.07.2014 00:04:35  WARN (DefaultCssErrorHandler.java:39) - CSS error: 'http://localhost/solar/wp-content/themes/ifeature/cyberchimps/lib/bootstrap/css/bootstrap.min.css?ver=2.0.4' [3233:2] Error in style rule. (Invalid token "*". Was expecting one of: <EOF>, <S>, <IDENT>, "}", ";".)
14.07.2014 00:04:35  WARN (DefaultCssErrorHandler.java:53) - CSS warning: 'http://localhost/solar/wp-content/themes/ifeature/cyberchimps/lib/bootstrap/css/bootstrap.min.css?ver=2.0.4' [3233:2] Ignoring the following declarations in this rule.
14.07.2014 00:04:35  WARN (DefaultCssErrorHandler.java:39) - CSS error: 'http://localhost/solar/wp-content/themes/ifeature/cyberchimps/lib/bootstrap/css/bootstrap.min.css?ver=2.0.4' [3238:2] Error in style rule. (Invalid token "*". Was expecting one of: <EOF>, <S>, <IDENT>, "}", ";".)
14.07.2014 00:04:35  WARN (DefaultCssErrorHandler.java:53) - CSS warning: 'http://localhost/solar/wp-content/themes/ifeature/cyberchimps/lib/bootstrap/css/bootstrap.min.css?ver=2.0.4' [3238:2] Ignoring the following declarations in this rule.
14.07.2014 00:04:35  WARN (DefaultCssErrorHandler.java:39) - CSS error: 'http://localhost/solar/wp-content/themes/ifeature/cyberchimps/lib/bootstrap/css/bootstrap.min.css?ver=2.0.4' [3305:2] Error in style rule. (Invalid token "*". Was expecting one of: <EOF>, <S>, <IDENT>, "}", ";".)
14.07.2014 00:04:35  WARN (DefaultCssErrorHandler.java:53) - CSS warning: 'http://localhost/solar/wp-content/themes/ifeature/cyberchimps/lib/bootstrap/css/bootstrap.min.css?ver=2.0.4' [3305:2] Ignoring the following declarations in this rule.
14.07.2014 00:04:35  WARN (DefaultCssErrorHandler.java:39) - CSS error: 'http://localhost/solar/wp-content/themes/ifeature/cyberchimps/lib/bootstrap/css/bootstrap.min.css?ver=2.0.4' [3481:2] Error in style rule. (Invalid token "*". Was expecting one of: <EOF>, <S>, <IDENT>, "}", ";".)
14.07.2014 00:04:35  WARN (DefaultCssErrorHandler.java:53) - CSS warning: 'http://localhost/solar/wp-content/themes/ifeature/cyberchimps/lib/bootstrap/css/bootstrap.min.css?ver=2.0.4' [3481:2] Ignoring the following declarations in this rule.
14.07.2014 00:04:35  WARN (DefaultCssErrorHandler.java:39) - CSS error: 'http://localhost/solar/wp-content/themes/ifeature/cyberchimps/lib/bootstrap/css/bootstrap.min.css?ver=2.0.4' [3491:2] Error in style rule. (Invalid token "*". Was expecting one of: <EOF>, <S>, <IDENT>, "}", ";".)
14.07.2014 00:04:35  WARN (DefaultCssErrorHandler.java:53) - CSS warning: 'http://localhost/solar/wp-content/themes/ifeature/cyberchimps/lib/bootstrap/css/bootstrap.min.css?ver=2.0.4' [3491:2] Ignoring the following declarations in this rule.
14.07.2014 00:04:35  WARN (DefaultCssErrorHandler.java:39) - CSS error: 'http://localhost/solar/wp-content/themes/ifeature/cyberchimps/lib/bootstrap/css/bootstrap.min.css?ver=2.0.4' [3669:2] Error in style rule. (Invalid token "*". Was expecting one of: <EOF>, <S>, <IDENT>, "}", ";".)
14.07.2014 00:04:35  WARN (DefaultCssErrorHandler.java:53) - CSS warning: 'http://localhost/solar/wp-content/themes/ifeature/cyberchimps/lib/bootstrap/css/bootstrap.min.css?ver=2.0.4' [3669:2] Ignoring the following declarations in this rule.
14.07.2014 00:04:35  WARN (DefaultCssErrorHandler.java:39) - CSS error: 'http://localhost/solar/wp-content/themes/ifeature/cyberchimps/lib/bootstrap/css/bootstrap.min.css?ver=2.0.4' [3751:2] Error in style rule. (Invalid token "*". Was expecting one of: <EOF>, <S>, <IDENT>, "}", ";".)
14.07.2014 00:04:35  WARN (DefaultCssErrorHandler.java:53) - CSS warning: 'http://localhost/solar/wp-content/themes/ifeature/cyberchimps/lib/bootstrap/css/bootstrap.min.css?ver=2.0.4' [3751:2] Ignoring the following declarations in this rule.
14.07.2014 00:04:35  WARN (DefaultCssErrorHandler.java:39) - CSS error: 'http://localhost/solar/wp-content/themes/ifeature/cyberchimps/lib/bootstrap/css/bootstrap.min.css?ver=2.0.4' [3773:2] Error in style rule. (Invalid token "*". Was expecting one of: <EOF>, <S>, <IDENT>, "}", ";".)
14.07.2014 00:04:35  WARN (DefaultCssErrorHandler.java:53) - CSS warning: 'http://localhost/solar/wp-content/themes/ifeature/cyberchimps/lib/bootstrap/css/bootstrap.min.css?ver=2.0.4' [3773:2] Ignoring the following declarations in this rule.
14.07.2014 00:04:35  WARN (DefaultCssErrorHandler.java:39) - CSS error: 'http://localhost/solar/wp-content/themes/ifeature/cyberchimps/lib/bootstrap/css/bootstrap.min.css?ver=2.0.4' [3787:2] Error in style rule. (Invalid token "*". Was expecting one of: <EOF>, <S>, <IDENT>, "}", ";".)
14.07.2014 00:04:35  WARN (DefaultCssErrorHandler.java:53) - CSS warning: 'http://localhost/solar/wp-content/themes/ifeature/cyberchimps/lib/bootstrap/css/bootstrap.min.css?ver=2.0.4' [3787:2] Ignoring the following declarations in this rule.
14.07.2014 00:04:35  WARN (DefaultCssErrorHandler.java:39) - CSS error: 'http://localhost/solar/wp-content/themes/ifeature/cyberchimps/lib/bootstrap/css/bootstrap.min.css?ver=2.0.4' [3808:16] Error in expression; ':' found after identifier "progid".
14.07.2014 00:04:35  WARN (DefaultCssErrorHandler.java:39) - CSS error: 'http://localhost/solar/wp-content/themes/ifeature/cyberchimps/lib/bootstrap/css/bootstrap.min.css?ver=2.0.4' [3809:2] Error in style rule. (Invalid token "*". Was expecting one of: <EOF>, <S>, <IDENT>, "}", ";".)
14.07.2014 00:04:35  WARN (DefaultCssErrorHandler.java:53) - CSS warning: 'http://localhost/solar/wp-content/themes/ifeature/cyberchimps/lib/bootstrap/css/bootstrap.min.css?ver=2.0.4' [3809:2] Ignoring the following declarations in this rule.
14.07.2014 00:04:35  WARN (DefaultCssErrorHandler.java:39) - CSS error: 'http://localhost/solar/wp-content/themes/ifeature/cyberchimps/lib/bootstrap/css/bootstrap.min.css?ver=2.0.4' [3880:2] Error in style rule. (Invalid token "*". Was expecting one of: <EOF>, <S>, <IDENT>, "}", ";".)
14.07.2014 00:04:35  WARN (DefaultCssErrorHandler.java:53) - CSS warning: 'http://localhost/solar/wp-content/themes/ifeature/cyberchimps/lib/bootstrap/css/bootstrap.min.css?ver=2.0.4' [3880:2] Ignoring the following declarations in this rule.
14.07.2014 00:04:35  WARN (DefaultCssErrorHandler.java:39) - CSS error: 'http://localhost/solar/wp-content/themes/ifeature/cyberchimps/lib/bootstrap/css/bootstrap.min.css?ver=2.0.4' [4046:2] Error in style rule. (Invalid token "*". Was expecting one of: <EOF>, <S>, <IDENT>, "}", ";".)
14.07.2014 00:04:35  WARN (DefaultCssErrorHandler.java:53) - CSS warning: 'http://localhost/solar/wp-content/themes/ifeature/cyberchimps/lib/bootstrap/css/bootstrap.min.css?ver=2.0.4' [4046:2] Ignoring the following declarations in this rule.
14.07.2014 00:04:35  WARN (DefaultCssErrorHandler.java:39) - CSS error: 'http://localhost/solar/wp-content/themes/ifeature/cyberchimps/lib/bootstrap/css/bootstrap.min.css?ver=2.0.4' [4065:2] Error in style rule. (Invalid token "*". Was expecting one of: <EOF>, <S>, <IDENT>, "}", ";".)
14.07.2014 00:04:35  WARN (DefaultCssErrorHandler.java:53) - CSS warning: 'http://localhost/solar/wp-content/themes/ifeature/cyberchimps/lib/bootstrap/css/bootstrap.min.css?ver=2.0.4' [4065:2] Ignoring the following declarations in this rule.
14.07.2014 00:04:35  WARN (DefaultCssErrorHandler.java:39) - CSS error: 'http://localhost/solar/wp-content/themes/ifeature/cyberchimps/lib/bootstrap/css/bootstrap.min.css?ver=2.0.4' [4181:16] Error in expression; ':' found after identifier "progid".
14.07.2014 00:04:35  WARN (DefaultCssErrorHandler.java:39) - CSS error: 'http://localhost/solar/wp-content/themes/ifeature/cyberchimps/lib/bootstrap/css/bootstrap.min.css?ver=2.0.4' [4285:2] Error in style rule. (Invalid token "*". Was expecting one of: <EOF>, <S>, <IDENT>, "}", ";".)
14.07.2014 00:04:35  WARN (DefaultCssErrorHandler.java:53) - CSS warning: 'http://localhost/solar/wp-content/themes/ifeature/cyberchimps/lib/bootstrap/css/bootstrap.min.css?ver=2.0.4' [4285:2] Ignoring the following declarations in this rule.
14.07.2014 00:04:35  WARN (DefaultCssErrorHandler.java:39) - CSS error: 'http://localhost/solar/wp-content/themes/ifeature/cyberchimps/lib/bootstrap/css/bootstrap.min.css?ver=2.0.4' [4301:2] Error in style rule. (Invalid token "*". Was expecting one of: <EOF>, <S>, <IDENT>, "}", ";".)
14.07.2014 00:04:35  WARN (DefaultCssErrorHandler.java:53) - CSS warning: 'http://localhost/solar/wp-content/themes/ifeature/cyberchimps/lib/bootstrap/css/bootstrap.min.css?ver=2.0.4' [4301:2] Ignoring the following declarations in this rule.
14.07.2014 00:04:35  WARN (DefaultCssErrorHandler.java:39) - CSS error: 'http://localhost/solar/wp-content/themes/ifeature/cyberchimps/lib/bootstrap/css/bootstrap.min.css?ver=2.0.4' [4320:2] Error in style rule. (Invalid token "*". Was expecting one of: <EOF>, <S>, <IDENT>, "}", ";".)
14.07.2014 00:04:35  WARN (DefaultCssErrorHandler.java:53) - CSS warning: 'http://localhost/solar/wp-content/themes/ifeature/cyberchimps/lib/bootstrap/css/bootstrap.min.css?ver=2.0.4' [4320:2] Ignoring the following declarations in this rule.
14.07.2014 00:04:35  WARN (DefaultCssErrorHandler.java:39) - CSS error: 'http://localhost/solar/wp-content/themes/ifeature/cyberchimps/lib/bootstrap/css/bootstrap.min.css?ver=2.0.4' [4340:2] Error in style rule. (Invalid token "*". Was expecting one of: <EOF>, <S>, <IDENT>, "}", ";".)
14.07.2014 00:04:35  WARN (DefaultCssErrorHandler.java:53) - CSS warning: 'http://localhost/solar/wp-content/themes/ifeature/cyberchimps/lib/bootstrap/css/bootstrap.min.css?ver=2.0.4' [4340:2] Ignoring the following declarations in this rule.
14.07.2014 00:04:35  WARN (DefaultCssErrorHandler.java:39) - CSS error: 'http://localhost/solar/wp-content/themes/ifeature/cyberchimps/lib/bootstrap/css/bootstrap.min.css?ver=2.0.4' [4463:2] Error in style rule. (Invalid token "*". Was expecting one of: <EOF>, <S>, <IDENT>, "}", ";".)
14.07.2014 00:04:35  WARN (DefaultCssErrorHandler.java:53) - CSS warning: 'http://localhost/solar/wp-content/themes/ifeature/cyberchimps/lib/bootstrap/css/bootstrap.min.css?ver=2.0.4' [4463:2] Ignoring the following declarations in this rule.
14.07.2014 00:04:35  WARN (DefaultCssErrorHandler.java:39) - CSS error: 'http://localhost/solar/wp-content/themes/ifeature/cyberchimps/lib/bootstrap/css/bootstrap.min.css?ver=2.0.4' [4538:2] Error in style rule. (Invalid token "*". Was expecting one of: <EOF>, <S>, <IDENT>, "}", ";".)
14.07.2014 00:04:35  WARN (DefaultCssErrorHandler.java:53) - CSS warning: 'http://localhost/solar/wp-content/themes/ifeature/cyberchimps/lib/bootstrap/css/bootstrap.min.css?ver=2.0.4' [4538:2] Ignoring the following declarations in this rule.
14.07.2014 00:04:35  WARN (DefaultCssErrorHandler.java:39) - CSS error: 'http://localhost/solar/wp-content/themes/ifeature/cyberchimps/lib/bootstrap/css/bootstrap.min.css?ver=2.0.4' [4597:2] Error in style rule. (Invalid token "*". Was expecting one of: <EOF>, <S>, <IDENT>, "}", ";".)
14.07.2014 00:04:35  WARN (DefaultCssErrorHandler.java:53) - CSS warning: 'http://localhost/solar/wp-content/themes/ifeature/cyberchimps/lib/bootstrap/css/bootstrap.min.css?ver=2.0.4' [4597:2] Ignoring the following declarations in this rule.
14.07.2014 00:04:35  WARN (DefaultCssErrorHandler.java:39) - CSS error: 'http://localhost/solar/wp-content/themes/ifeature/cyberchimps/lib/bootstrap/css/bootstrap.min.css?ver=2.0.4' [4852:2] Error in style rule. (Invalid token "*". Was expecting one of: <EOF>, <S>, <IDENT>, "}", ";".)
14.07.2014 00:04:35  WARN (DefaultCssErrorHandler.java:53) - CSS warning: 'http://localhost/solar/wp-content/themes/ifeature/cyberchimps/lib/bootstrap/css/bootstrap.min.css?ver=2.0.4' [4852:2] Ignoring the following declarations in this rule.
14.07.2014 00:04:35  WARN (DefaultCssErrorHandler.java:39) - CSS error: 'http://localhost/solar/wp-content/themes/ifeature/cyberchimps/lib/bootstrap/css/bootstrap.min.css?ver=2.0.4' [4913:2] Error in style rule. (Invalid token "*". Was expecting one of: <EOF>, <S>, <IDENT>, "}", ";".)
14.07.2014 00:04:35  WARN (DefaultCssErrorHandler.java:53) - CSS warning: 'http://localhost/solar/wp-content/themes/ifeature/cyberchimps/lib/bootstrap/css/bootstrap.min.css?ver=2.0.4' [4913:2] Ignoring the following declarations in this rule.
14.07.2014 00:04:35  WARN (DefaultCssErrorHandler.java:39) - CSS error: 'http://localhost/solar/wp-content/themes/ifeature/cyberchimps/lib/bootstrap/css/bootstrap.min.css?ver=2.0.4' [5091:16] Error in expression; ':' found after identifier "progid".
14.07.2014 00:04:35  WARN (DefaultCssErrorHandler.java:39) - CSS error: 'http://localhost/solar/wp-content/themes/ifeature/cyberchimps/lib/bootstrap/css/bootstrap.min.css?ver=2.0.4' [5112:16] Error in expression; ':' found after identifier "progid".
14.07.2014 00:04:35  WARN (DefaultCssErrorHandler.java:39) - CSS error: 'http://localhost/solar/wp-content/themes/ifeature/cyberchimps/lib/bootstrap/css/bootstrap.min.css?ver=2.0.4' [5160:16] Error in expression; ':' found after identifier "progid".
14.07.2014 00:04:35  WARN (DefaultCssErrorHandler.java:39) - CSS error: 'http://localhost/solar/wp-content/themes/ifeature/cyberchimps/lib/bootstrap/css/bootstrap.min.css?ver=2.0.4' [5180:16] Error in expression; ':' found after identifier "progid".
14.07.2014 00:04:35  WARN (DefaultCssErrorHandler.java:39) - CSS error: 'http://localhost/solar/wp-content/themes/ifeature/cyberchimps/lib/bootstrap/css/bootstrap.min.css?ver=2.0.4' [5200:16] Error in expression; ':' found after identifier "progid".
14.07.2014 00:04:35  WARN (DefaultCssErrorHandler.java:39) - CSS error: 'http://localhost/solar/wp-content/themes/ifeature/cyberchimps/lib/bootstrap/css/bootstrap.min.css?ver=2.0.4' [5220:16] Error in expression; ':' found after identifier "progid".
14.07.2014 00:04:35  WARN (DefaultCssErrorHandler.java:39) - CSS error: 'http://localhost/solar/wp-content/themes/ifeature/cyberchimps/lib/bootstrap/css/bootstrap-responsive.min.css?ver=2.0.4' [15:2] Error in style rule. (Invalid token "*". Was expecting one of: <EOF>, <S>, <IDENT>, "}", ";".)
14.07.2014 00:04:35  WARN (DefaultCssErrorHandler.java:53) - CSS warning: 'http://localhost/solar/wp-content/themes/ifeature/cyberchimps/lib/bootstrap/css/bootstrap-responsive.min.css?ver=2.0.4' [15:2] Ignoring the following declarations in this rule.
14.07.2014 00:04:35  WARN (DefaultCssErrorHandler.java:39) - CSS error: 'http://localhost/solar/wp-content/themes/ifeature/cyberchimps/lib/bootstrap/css/bootstrap-responsive.min.css?ver=2.0.4' [66:8] Error in media list. (Invalid token "(". Was expecting one of: <S>, <IDENT>.)
14.07.2014 00:04:35  WARN (DefaultCssErrorHandler.java:39) - CSS error: 'http://localhost/solar/wp-content/themes/ifeature/cyberchimps/lib/bootstrap/css/bootstrap-responsive.min.css?ver=2.0.4' [84:8] Error in media list. (Invalid token "(". Was expecting one of: <S>, <IDENT>.)
14.07.2014 00:04:35  WARN (DefaultCssErrorHandler.java:39) - CSS error: 'http://localhost/solar/wp-content/themes/ifeature/cyberchimps/lib/bootstrap/css/bootstrap-responsive.min.css?ver=2.0.4' [102:8] Error in media list. (Invalid token "(". Was expecting one of: <S>, <IDENT>.)
14.07.2014 00:04:35  WARN (DefaultCssErrorHandler.java:39) - CSS error: 'http://localhost/solar/wp-content/themes/ifeature/cyberchimps/lib/bootstrap/css/bootstrap-responsive.min.css?ver=2.0.4' [509:8] Error in media list. (Invalid token "(". Was expecting one of: <S>, <IDENT>.)
14.07.2014 00:04:35  WARN (DefaultCssErrorHandler.java:39) - CSS error: 'http://localhost/solar/wp-content/themes/ifeature/cyberchimps/lib/bootstrap/css/cyberchimps-responsive.min.css?ver=1.0' [1:8] Error in media list. (Invalid token "(". Was expecting one of: <S>, <IDENT>.)
14.07.2014 00:04:35  WARN (DefaultCssErrorHandler.java:39) - CSS error: 'http://localhost/solar/wp-content/themes/ifeature/cyberchimps/lib/bootstrap/css/cyberchimps-responsive.min.css?ver=1.0' [168:8] Error in media list. (Invalid token "(". Was expecting one of: <S>, <IDENT>.)
14.07.2014 00:04:35  WARN (DefaultCssErrorHandler.java:39) - CSS error: 'http://localhost/solar/wp-content/themes/ifeature/cyberchimps/lib/bootstrap/css/cyberchimps-responsive.min.css?ver=1.0' [175:8] Error in media list. (Invalid token "(". Was expecting one of: <S>, <IDENT>.)
14.07.2014 00:04:35  WARN (DefaultCssErrorHandler.java:39) - CSS error: 'http://localhost/solar/wp-content/themes/ifeature/cyberchimps/lib/bootstrap/css/cyberchimps-responsive.min.css?ver=1.0' [275:8] Error in media list. (Invalid token "(". Was expecting one of: <S>, <IDENT>.)
14.07.2014 00:04:35  WARN (DefaultCssErrorHandler.java:39) - CSS error: 'http://localhost/solar/wp-content/themes/ifeature/cyberchimps/lib/css/core.css?ver=1.0' [75:1] @import rule must occur before all other rules, except the @charset rule. (Invalid token "@import". Was expecting one of: <S>, "<!--", "-->".)
14.07.2014 00:04:35  WARN (DefaultCssErrorHandler.java:39) - CSS error: 'http://localhost/solar/wp-content/themes/ifeature/cyberchimps/lib/css/core.css?ver=1.0' [191:16] Error in expression; ':' found after identifier "progid".
14.07.2014 00:04:35  WARN (DefaultCssErrorHandler.java:39) - CSS error: 'http://localhost/solar/wp-content/themes/ifeature/style.css?ver=1.0' [16:1] Error in style rule. (Invalid token "body". Was expecting one of: <S>, <LBRACE>, <COMMA>.)
14.07.2014 00:04:35  WARN (DefaultCssErrorHandler.java:53) - CSS warning: 'http://localhost/solar/wp-content/themes/ifeature/style.css?ver=1.0' [16:1] Ignoring the following declarations in this rule.
14.07.2014 00:04:35  WARN (DefaultCssErrorHandler.java:39) - CSS error: 'http://localhost/solar/wp-content/themes/ifeature/style.css?ver=1.0' [205:16] Error in expression; ':' found after identifier "progid".
14.07.2014 00:04:35  WARN (DefaultCssErrorHandler.java:39) - CSS error: 'http://localhost/solar/wp-content/themes/ifeature/style.css?ver=1.0' [347:8] Error in media list. (Invalid token "(". Was expecting one of: <S>, <IDENT>.)
14.07.2014 00:04:35  WARN (DefaultCssErrorHandler.java:39) - CSS error: 'http://localhost/solar/wp-content/themes/ifeature/style.css?ver=1.0' [472:16] Error in expression; ':' found after identifier "progid".
14.07.2014 00:04:35  WARN (DefaultCssErrorHandler.java:39) - CSS error: 'http://localhost/solar/wp-content/themes/ifeature/style.css?ver=1.0' [708:16] Error in expression; ':' found after identifier "progid".
14.07.2014 00:04:35  WARN (DefaultCssErrorHandler.java:39) - CSS error: 'http://localhost/solar/wp-content/themes/ifeature/style.css?ver=1.0' [901:16] Error in expression; ':' found after identifier "progid".
14.07.2014 00:04:35  WARN (DefaultCssErrorHandler.java:39) - CSS error: 'http://localhost/solar/wp-content/themes/ifeature/style.css?ver=1.0' [1173:8] Error in media list. (Invalid token "(". Was expecting one of: <S>, <IDENT>.)
14.07.2014 00:04:35  WARN (DefaultCssErrorHandler.java:39) - CSS error: 'http://localhost/solar/wp-content/themes/ifeature/style.css?ver=1.0' [1210:8] Error in media list. (Invalid token "(". Was expecting one of: <S>, <IDENT>.)
14.07.2014 00:04:35  WARN (DefaultCssErrorHandler.java:39) - CSS error: 'http://localhost/solar/wp-content/themes/ifeature/style.css?ver=1.0' [1230:8] Error in media list. (Invalid token "(". Was expecting one of: <S>, <IDENT>.)
14.07.2014 00:04:36  INFO (JavaScriptEngine.java:804) - Caught script exception
======= EXCEPTION START ========
EcmaError: lineNumber=[4] column=[0] lineSource=[<no source>] name=[ReferenceError] sourceName=[injected script] message=[ReferenceError: "g_ActiveInventory" is not defined. (injected script#4)]
com.gargoylesoftware.htmlunit.ScriptException: ReferenceError: "g_ActiveInventory" is not defined. (injected script#4)
	at com.gargoylesoftware.htmlunit.javascript.JavaScriptEngine$HtmlUnitContextAction.run(JavaScriptEngine.java:705)
	at net.sourceforge.htmlunit.corejs.javascript.Context.call(Context.java:620)
	at net.sourceforge.htmlunit.corejs.javascript.ContextFactory.call(ContextFactory.java:513)
	at com.gargoylesoftware.htmlunit.javascript.JavaScriptEngine.execute(JavaScriptEngine.java:591)
	at com.gargoylesoftware.htmlunit.javascript.JavaScriptEngine.execute(JavaScriptEngine.java:566)
	at com.gargoylesoftware.htmlunit.html.HtmlPage.executeJavaScriptIfPossible(HtmlPage.java:975)
	at com.gargoylesoftware.htmlunit.html.HtmlPage.executeJavaScript(HtmlPage.java:943)
	at training.test3.HtmlUnitSimple.main(HtmlUnitSimple.java:39)
Caused by: net.sourceforge.htmlunit.corejs.javascript.EcmaError: ReferenceError: "g_ActiveInventory" is not defined. (injected script#4)
	at net.sourceforge.htmlunit.corejs.javascript.ScriptRuntime.constructError(ScriptRuntime.java:3629)
	at net.sourceforge.htmlunit.corejs.javascript.ScriptRuntime.constructError(ScriptRuntime.java:3613)
	at net.sourceforge.htmlunit.corejs.javascript.ScriptRuntime.notFoundError(ScriptRuntime.java:3683)
	at net.sourceforge.htmlunit.corejs.javascript.ScriptRuntime.name(ScriptRuntime.java:1690)
	at net.sourceforge.htmlunit.corejs.javascript.Interpreter.interpretLoop(Interpreter.java:1622)
	at net.sourceforge.htmlunit.corejs.javascript.Interpreter.interpret(Interpreter.java:798)
	at net.sourceforge.htmlunit.corejs.javascript.InterpretedFunction.call(InterpretedFunction.java:105)
	at net.sourceforge.htmlunit.corejs.javascript.ContextFactory.doTopCall(ContextFactory.java:411)
	at com.gargoylesoftware.htmlunit.javascript.HtmlUnitContextFactory.doTopCall(HtmlUnitContextFactory.java:309)
	at net.sourceforge.htmlunit.corejs.javascript.ScriptRuntime.doTopCall(ScriptRuntime.java:3057)
	at net.sourceforge.htmlunit.corejs.javascript.InterpretedFunction.exec(InterpretedFunction.java:115)
	at com.gargoylesoftware.htmlunit.javascript.JavaScriptEngine$3.doRun(JavaScriptEngine.java:582)
	at com.gargoylesoftware.htmlunit.javascript.JavaScriptEngine$HtmlUnitContextAction.run(JavaScriptEngine.java:690)
	... 7 more
Enclosed exception: 
net.sourceforge.htmlunit.corejs.javascript.EcmaError: ReferenceError: "g_ActiveInventory" is not defined. (injected script#4)
	at net.sourceforge.htmlunit.corejs.javascript.ScriptRuntime.constructError(ScriptRuntime.java:3629)
	at net.sourceforge.htmlunit.corejs.javascript.ScriptRuntime.constructError(ScriptRuntime.java:3613)
	at net.sourceforge.htmlunit.corejs.javascript.ScriptRuntime.notFoundError(ScriptRuntime.java:3683)
	at net.sourceforge.htmlunit.corejs.javascript.ScriptRuntime.name(ScriptRuntime.java:1690)
	at net.sourceforge.htmlunit.corejs.javascript.Interpreter.interpretLoop(Interpreter.java:1622)
	at script(injected script:4)
	at net.sourceforge.htmlunit.corejs.javascript.Interpreter.interpret(Interpreter.java:798)
	at net.sourceforge.htmlunit.corejs.javascript.InterpretedFunction.call(InterpretedFunction.java:105)
	at net.sourceforge.htmlunit.corejs.javascript.ContextFactory.doTopCall(ContextFactory.java:411)
	at com.gargoylesoftware.htmlunit.javascript.HtmlUnitContextFactory.doTopCall(HtmlUnitContextFactory.java:309)
	at net.sourceforge.htmlunit.corejs.javascript.ScriptRuntime.doTopCall(ScriptRuntime.java:3057)
	at net.sourceforge.htmlunit.corejs.javascript.InterpretedFunction.exec(InterpretedFunction.java:115)
	at com.gargoylesoftware.htmlunit.javascript.JavaScriptEngine$3.doRun(JavaScriptEngine.java:582)
	at com.gargoylesoftware.htmlunit.javascript.JavaScriptEngine$HtmlUnitContextAction.run(JavaScriptEngine.java:690)
	at net.sourceforge.htmlunit.corejs.javascript.Context.call(Context.java:620)
	at net.sourceforge.htmlunit.corejs.javascript.ContextFactory.call(ContextFactory.java:513)
	at com.gargoylesoftware.htmlunit.javascript.JavaScriptEngine.execute(JavaScriptEngine.java:591)
	at com.gargoylesoftware.htmlunit.javascript.JavaScriptEngine.execute(JavaScriptEngine.java:566)
	at com.gargoylesoftware.htmlunit.html.HtmlPage.executeJavaScriptIfPossible(HtmlPage.java:975)
	at com.gargoylesoftware.htmlunit.html.HtmlPage.executeJavaScript(HtmlPage.java:943)
	at training.test3.HtmlUnitSimple.main(HtmlUnitSimple.java:39)
======= EXCEPTION END ========
14.07.2014 00:07:02 ERROR (StrictErrorReporter.java:80) - runtimeError: message=[An invalid or illegal selector was specified (selector: '*,:x' error: Invalid selector: *:x).] sourceName=[http://localhost/solar/wp-includes/js/jquery/jquery.js?ver=1.11.0] line=[2] lineSource=[null] lineOffset=[0]
14.07.2014 00:07:02  INFO (JavaScriptEngine.java:804) - Caught script exception
======= EXCEPTION START ========
EcmaError: lineNumber=[4] column=[0] lineSource=[<no source>] name=[ReferenceError] sourceName=[injected script] message=[ReferenceError: "g_ActiveInventory" is not defined. (injected script#4)]
com.gargoylesoftware.htmlunit.ScriptException: ReferenceError: "g_ActiveInventory" is not defined. (injected script#4)
	at com.gargoylesoftware.htmlunit.javascript.JavaScriptEngine$HtmlUnitContextAction.run(JavaScriptEngine.java:705)
	at net.sourceforge.htmlunit.corejs.javascript.Context.call(Context.java:620)
	at net.sourceforge.htmlunit.corejs.javascript.ContextFactory.call(ContextFactory.java:513)
	at com.gargoylesoftware.htmlunit.javascript.JavaScriptEngine.execute(JavaScriptEngine.java:591)
	at com.gargoylesoftware.htmlunit.javascript.JavaScriptEngine.execute(JavaScriptEngine.java:566)
	at com.gargoylesoftware.htmlunit.html.HtmlPage.executeJavaScriptIfPossible(HtmlPage.java:975)
	at com.gargoylesoftware.htmlunit.html.HtmlPage.executeJavaScript(HtmlPage.java:943)
	at training.test3.deneme.main(deneme.java:40)
Caused by: net.sourceforge.htmlunit.corejs.javascript.EcmaError: ReferenceError: "g_ActiveInventory" is not defined. (injected script#4)
	at net.sourceforge.htmlunit.corejs.javascript.ScriptRuntime.constructError(ScriptRuntime.java:3629)
	at net.sourceforge.htmlunit.corejs.javascript.ScriptRuntime.constructError(ScriptRuntime.java:3613)
	at net.sourceforge.htmlunit.corejs.javascript.ScriptRuntime.notFoundError(ScriptRuntime.java:3683)
	at net.sourceforge.htmlunit.corejs.javascript.ScriptRuntime.name(ScriptRuntime.java:1690)
	at net.sourceforge.htmlunit.corejs.javascript.Interpreter.interpretLoop(Interpreter.java:1622)
	at net.sourceforge.htmlunit.corejs.javascript.Interpreter.interpret(Interpreter.java:798)
	at net.sourceforge.htmlunit.corejs.javascript.InterpretedFunction.call(InterpretedFunction.java:105)
	at net.sourceforge.htmlunit.corejs.javascript.ContextFactory.doTopCall(ContextFactory.java:411)
	at com.gargoylesoftware.htmlunit.javascript.HtmlUnitContextFactory.doTopCall(HtmlUnitContextFactory.java:309)
	at net.sourceforge.htmlunit.corejs.javascript.ScriptRuntime.doTopCall(ScriptRuntime.java:3057)
	at net.sourceforge.htmlunit.corejs.javascript.InterpretedFunction.exec(InterpretedFunction.java:115)
	at com.gargoylesoftware.htmlunit.javascript.JavaScriptEngine$3.doRun(JavaScriptEngine.java:582)
	at com.gargoylesoftware.htmlunit.javascript.JavaScriptEngine$HtmlUnitContextAction.run(JavaScriptEngine.java:690)
	... 7 more
Enclosed exception: 
net.sourceforge.htmlunit.corejs.javascript.EcmaError: ReferenceError: "g_ActiveInventory" is not defined. (injected script#4)
	at net.sourceforge.htmlunit.corejs.javascript.ScriptRuntime.constructError(ScriptRuntime.java:3629)
	at net.sourceforge.htmlunit.corejs.javascript.ScriptRuntime.constructError(ScriptRuntime.java:3613)
	at net.sourceforge.htmlunit.corejs.javascript.ScriptRuntime.notFoundError(ScriptRuntime.java:3683)
	at net.sourceforge.htmlunit.corejs.javascript.ScriptRuntime.name(ScriptRuntime.java:1690)
	at net.sourceforge.htmlunit.corejs.javascript.Interpreter.interpretLoop(Interpreter.java:1622)
	at script(injected script:4)
	at net.sourceforge.htmlunit.corejs.javascript.Interpreter.interpret(Interpreter.java:798)
	at net.sourceforge.htmlunit.corejs.javascript.InterpretedFunction.call(InterpretedFunction.java:105)
	at net.sourceforge.htmlunit.corejs.javascript.ContextFactory.doTopCall(ContextFactory.java:411)
	at com.gargoylesoftware.htmlunit.javascript.HtmlUnitContextFactory.doTopCall(HtmlUnitContextFactory.java:309)
	at net.sourceforge.htmlunit.corejs.javascript.ScriptRuntime.doTopCall(ScriptRuntime.java:3057)
	at net.sourceforge.htmlunit.corejs.javascript.InterpretedFunction.exec(InterpretedFunction.java:115)
	at com.gargoylesoftware.htmlunit.javascript.JavaScriptEngine$3.doRun(JavaScriptEngine.java:582)
	at com.gargoylesoftware.htmlunit.javascript.JavaScriptEngine$HtmlUnitContextAction.run(JavaScriptEngine.java:690)
	at net.sourceforge.htmlunit.corejs.javascript.Context.call(Context.java:620)
	at net.sourceforge.htmlunit.corejs.javascript.ContextFactory.call(ContextFactory.java:513)
	at com.gargoylesoftware.htmlunit.javascript.JavaScriptEngine.execute(JavaScriptEngine.java:591)
	at com.gargoylesoftware.htmlunit.javascript.JavaScriptEngine.execute(JavaScriptEngine.java:566)
	at com.gargoylesoftware.htmlunit.html.HtmlPage.executeJavaScriptIfPossible(HtmlPage.java:975)
	at com.gargoylesoftware.htmlunit.html.HtmlPage.executeJavaScript(HtmlPage.java:943)
	at training.test3.deneme.main(deneme.java:40)
======= EXCEPTION END ========
